{"/Users/bhishaksanyal/Documents/GitHub/react-native-typescript-template/App.tsx": {"path":"/Users/bhishaksanyal/Documents/GitHub/react-native-typescript-template/App.tsx","statementMap":{"0":{"start":{"line":24,"column":5},"end":{"line":50,"column":1}},"1":{"start":{"line":25,"column":21},"end":{"line":25,"column":48}},"2":{"start":{"line":26,"column":2},"end":{"line":49,"column":4}},"3":{"start":{"line":52,"column":12},"end":{"line":85,"column":1}},"4":{"start":{"line":53,"column":21},"end":{"line":53,"column":48}},"5":{"start":{"line":55,"column":26},"end":{"line":57,"column":3}},"6":{"start":{"line":59,"column":2},"end":{"line":84,"column":4}},"7":{"start":{"line":87,"column":15},"end":{"line":104,"column":2}}},"fnMap":{"0":{"name":"(anonymous_0)","decl":{"start":{"line":24,"column":5},"end":{"line":24,"column":6}},"loc":{"start":{"line":24,"column":30},"end":{"line":50,"column":1}},"line":24},"1":{"name":"(anonymous_1)","decl":{"start":{"line":52,"column":12},"end":{"line":52,"column":13}},"loc":{"start":{"line":52,"column":18},"end":{"line":85,"column":1}},"line":52}},"branchMap":{"0":{"loc":{"start":{"line":32,"column":19},"end":{"line":32,"column":59}},"type":"cond-expr","locations":[{"start":{"line":32,"column":32},"end":{"line":32,"column":44}},{"start":{"line":32,"column":47},"end":{"line":32,"column":59}}],"line":32},"1":{"loc":{"start":{"line":42,"column":19},"end":{"line":42,"column":58}},"type":"cond-expr","locations":[{"start":{"line":42,"column":32},"end":{"line":42,"column":44}},{"start":{"line":42,"column":47},"end":{"line":42,"column":58}}],"line":42},"2":{"loc":{"start":{"line":56,"column":21},"end":{"line":56,"column":64}},"type":"cond-expr","locations":[{"start":{"line":56,"column":34},"end":{"line":56,"column":47}},{"start":{"line":56,"column":50},"end":{"line":56,"column":64}}],"line":56},"3":{"loc":{"start":{"line":61,"column":27},"end":{"line":61,"column":72}},"type":"cond-expr","locations":[{"start":{"line":61,"column":40},"end":{"line":61,"column":55}},{"start":{"line":61,"column":58},"end":{"line":61,"column":72}}],"line":61},"4":{"loc":{"start":{"line":66,"column":29},"end":{"line":66,"column":69}},"type":"cond-expr","locations":[{"start":{"line":66,"column":42},"end":{"line":66,"column":54}},{"start":{"line":66,"column":57},"end":{"line":66,"column":69}}],"line":66}},"s":{"0":1,"1":4,"2":4,"3":1,"4":1,"5":1,"6":1,"7":1},"f":{"0":4,"1":1},"b":{"0":[0,4],"1":[0,4],"2":[0,1],"3":[0,1],"4":[0,1]},"_coverageSchema":"1a1c01bbd47fc00a2c39e90264f33305004495a9","hash":"07de77138838044dcef209630c010406facfe914"}
}
